nohup: ignoring input
[INFO] Scanning for projects...
[INFO] 
[INFO] ------------------< com.leansofx:qa-service-question >------------------
[INFO] Building qa-service-question 0.0.1-SNAPSHOT
[INFO]   from pom.xml
[INFO] --------------------------------[ jar ]---------------------------------
[INFO] 
[INFO] >>> spring-boot:3.5.7:run (default-cli) > test-compile @ qa-service-question >>>
[INFO] 
[INFO] --- resources:3.3.1:resources (default-resources) @ qa-service-question ---
[INFO] Copying 1 resource from src/main/resources to target/classes
[INFO] Copying 0 resource from src/main/resources to target/classes
[INFO] 
[INFO] --- compiler:3.14.1:compile (default-compile) @ qa-service-question ---
[INFO] Nothing to compile - all classes are up to date.
[INFO] 
[INFO] --- resources:3.3.1:testResources (default-testResources) @ qa-service-question ---
[INFO] skip non existing resourceDirectory /home/azureuser/source/tkt01/qa-live-healthcare-bolt-vue-c1joxy7j/server/qa-service-question/src/test/resources
[INFO] 
[INFO] --- compiler:3.14.1:testCompile (default-testCompile) @ qa-service-question ---
[INFO] Nothing to compile - all classes are up to date.
[INFO] 
[INFO] <<< spring-boot:3.5.7:run (default-cli) < test-compile @ qa-service-question <<<
[INFO] 
[INFO] 
[INFO] --- spring-boot:3.5.7:run (default-cli) @ qa-service-question ---
[INFO] Attaching agents: []

  .   ____          _            __ _ _
 /\\ / ___'_ __ _ _(_)_ __  __ _ \ \ \ \
( ( )\___ | '_ | '_| | '_ \/ _` | \ \ \ \
 \\/  ___)| |_)| | | | | || (_| |  ) ) ) )
  '  |____| .__|_| |_|_| |_\__, | / / / /
 =========|_|==============|___/=/_/_/_/

 :: Spring Boot ::                (v3.5.7)

2025-11-03T01:29:16.441Z  INFO 211391 --- [qa-service-question] [           main] c.l.q.QaServiceQuestionApplication       : Starting QaServiceQuestionApplication using Java 17.0.14 with PID 211391 (/home/azureuser/source/tkt01/qa-live-healthcare-bolt-vue-c1joxy7j/server/qa-service-question/target/classes started by azureuser in /home/azureuser/source/tkt01/qa-live-healthcare-bolt-vue-c1joxy7j/server/qa-service-question)
2025-11-03T01:29:16.445Z  INFO 211391 --- [qa-service-question] [           main] c.l.q.QaServiceQuestionApplication       : No active profile set, falling back to 1 default profile: "default"
2025-11-03T01:29:17.007Z  INFO 211391 --- [qa-service-question] [           main] o.s.b.w.embedded.tomcat.TomcatWebServer  : Tomcat initialized with port 8081 (http)
2025-11-03T01:29:17.025Z  INFO 211391 --- [qa-service-question] [           main] o.apache.catalina.core.StandardService   : Starting service [Tomcat]
2025-11-03T01:29:17.025Z  INFO 211391 --- [qa-service-question] [           main] o.apache.catalina.core.StandardEngine    : Starting Servlet engine: [Apache Tomcat/10.1.48]
2025-11-03T01:29:17.059Z  INFO 211391 --- [qa-service-question] [           main] o.a.c.c.C.[Tomcat].[localhost].[/]       : Initializing Spring embedded WebApplicationContext
2025-11-03T01:29:17.060Z  INFO 211391 --- [qa-service-question] [           main] w.s.c.ServletWebServerApplicationContext : Root WebApplicationContext: initialization completed in 579 ms
2025-11-03T01:29:17.287Z  WARN 211391 --- [qa-service-question] [           main] ConfigServletWebServerApplicationContext : Exception encountered during context initialization - cancelling refresh attempt: org.springframework.context.ApplicationContextException: Failed to start bean 'webServerStartStop'
2025-11-03T01:29:17.299Z  INFO 211391 --- [qa-service-question] [           main] .s.b.a.l.ConditionEvaluationReportLogger : 

Error starting ApplicationContext. To display the condition evaluation report re-run your application with 'debug' enabled.
2025-11-03T01:29:17.309Z ERROR 211391 --- [qa-service-question] [           main] o.s.b.d.LoggingFailureAnalysisReporter   : 

***************************
APPLICATION FAILED TO START
***************************

Description:

Web server failed to start. Port 8081 was already in use.

Action:

Identify and stop the process that's listening on port 8081 or configure this application to listen on another port.

[INFO] ------------------------------------------------------------------------
[INFO] BUILD FAILURE
[INFO] ------------------------------------------------------------------------
[INFO] Total time:  2.553 s
[INFO] Finished at: 2025-11-03T01:29:17Z
[INFO] ------------------------------------------------------------------------
[ERROR] Failed to execute goal org.springframework.boot:spring-boot-maven-plugin:3.5.7:run (default-cli) on project qa-service-question: Process terminated with exit code: 1 -> [Help 1]
[ERROR] 
[ERROR] To see the full stack trace of the errors, re-run Maven with the -e switch.
[ERROR] Re-run Maven using the -X switch to enable full debug logging.
[ERROR] 
[ERROR] For more information about the errors and possible solutions, please read the following articles:
[ERROR] [Help 1] http://cwiki.apache.org/confluence/display/MAVEN/MojoExecutionException
